<?xml version="1.0" encoding="UTF-8"?>
<!-- Generated by org.testng.reporters.JUnitReportReporter -->
<testsuite hostname="WS-DELL-9FV9LG3" failures="0" tests="8" name="in.automateORM.loginPageTest" time="58.931" errors="0" timestamp="2024-01-16T20:41:10 IST" skipped="0">
  <testcase classname="in.automateORM.loginPageTest" name="normalLogin" time="7.752"/>
  <system-out/>
  <testcase classname="in.automateORM.loginPageTest" name="lowercaseLogin" time="7.405"/>
  <system-out/>
  <testcase classname="in.automateORM.loginPageTest" name="uppercaseLogin" time="6.754"/>
  <system-out/>
  <testcase classname="in.automateORM.loginPageTest" name="invalidUsername" time="7.058"/>
  <system-out/>
  <testcase classname="in.automateORM.loginPageTest" name="invalidPassword" time="7.421"/>
  <system-out/>
  <testcase classname="in.automateORM.loginPageTest" name="emptyUsername" time="7.656"/>
  <system-out/>
  <testcase classname="in.automateORM.loginPageTest" name="emptyPassword" time="7.285"/>
  <system-out/>
  <testcase classname="in.automateORM.loginPageTest" name="emptyCred" time="7.600"/>
  <system-out/>
</testsuite> <!-- in.automateORM.loginPageTest -->
